Running with 5 different seeds...
Total allocated SLURM CPUS: (32)
Number of threads: 4
#####################################################################
Seed: 123456
Current length: 50000000, lo: 0, hi: 100000000
Current length: 24999999, lo: 0, hi: 49999999
Current length: 12499999, lo: 0, hi: 24999998
Current length: 6249999, lo: 0, hi: 12499998
Current length: 3124999, lo: 0, hi: 6249998
Current length: 1562499, lo: 0, hi: 3124998
Current length: 781249, lo: 0, hi: 1562498
Current length: 390624, lo: 0, hi: 781248
Current length: 195311, lo: 0, hi: 390623
Current length: 97655, lo: 0, hi: 195310
Current length: 48827, lo: 0, hi: 97654
Current length: 24413, lo: 0, hi: 48826
Current length: 12206, lo: 0, hi: 24412
Current length: 6102, lo: 0, hi: 12205
Current length: 3050, lo: 0, hi: 6101
Current length: 1524, lo: 0, hi: 3049
Current length: 761, lo: 0, hi: 1523
Current length: 380, lo: 0, hi: 760
Current length: 189, lo: 0, hi: 379
Current length: 94, lo: 0, hi: 188
Current length: 46, lo: 0, hi: 93
Current length: 22, lo: 0, hi: 45
Current length: 10, lo: 0, hi: 21
Current length: 16, lo: 11, hi: 21
Current length: 13, lo: 11, hi: 15
Current length: 11, lo: 11, hi: 12
Current length: 12, lo: 12, hi: 12
Length of longest common substring: 11
Substring in strA: OGSTMKKBRXU ;  Start: 57924038
Substring in strB: OGSTMKKBRXU ;  Start: 6654234
Time taken: 339837 ms
####################################################################
Number of threads: 4
#####################################################################
Seed: 548621
Current length: 50000000, lo: 0, hi: 100000000
Current length: 24999999, lo: 0, hi: 49999999
Current length: 12499999, lo: 0, hi: 24999998
Current length: 6249999, lo: 0, hi: 12499998
Current length: 3124999, lo: 0, hi: 6249998
Current length: 1562499, lo: 0, hi: 3124998
Current length: 781249, lo: 0, hi: 1562498
Current length: 390624, lo: 0, hi: 781248
Current length: 195311, lo: 0, hi: 390623
Current length: 97655, lo: 0, hi: 195310
Current length: 48827, lo: 0, hi: 97654
Current length: 24413, lo: 0, hi: 48826
Current length: 12206, lo: 0, hi: 24412
Current length: 6102, lo: 0, hi: 12205
Current length: 3050, lo: 0, hi: 6101
Current length: 1524, lo: 0, hi: 3049
Current length: 761, lo: 0, hi: 1523
Current length: 380, lo: 0, hi: 760
Current length: 189, lo: 0, hi: 379
Current length: 94, lo: 0, hi: 188
Current length: 46, lo: 0, hi: 93
Current length: 22, lo: 0, hi: 45
Current length: 10, lo: 0, hi: 21
Current length: 16, lo: 11, hi: 21
Current length: 13, lo: 11, hi: 15
Current length: 11, lo: 11, hi: 12
Current length: 12, lo: 12, hi: 12
Length of longest common substring: 11
Substring in strA: QUZWEQJCSOE ;  Start: 42535212
Substring in strB: QUZWEQJCSOE ;  Start: 85795415
Time taken: 342124 ms
####################################################################
Number of threads: 4
#####################################################################
Seed: 589123
Current length: 50000000, lo: 0, hi: 100000000
Current length: 24999999, lo: 0, hi: 49999999
Current length: 12499999, lo: 0, hi: 24999998
Current length: 6249999, lo: 0, hi: 12499998
Current length: 3124999, lo: 0, hi: 6249998
Current length: 1562499, lo: 0, hi: 3124998
Current length: 781249, lo: 0, hi: 1562498
Current length: 390624, lo: 0, hi: 781248
Current length: 195311, lo: 0, hi: 390623
Current length: 97655, lo: 0, hi: 195310
Current length: 48827, lo: 0, hi: 97654
Current length: 24413, lo: 0, hi: 48826
Current length: 12206, lo: 0, hi: 24412
Current length: 6102, lo: 0, hi: 12205
Current length: 3050, lo: 0, hi: 6101
Current length: 1524, lo: 0, hi: 3049
Current length: 761, lo: 0, hi: 1523
Current length: 380, lo: 0, hi: 760
Current length: 189, lo: 0, hi: 379
Current length: 94, lo: 0, hi: 188
Current length: 46, lo: 0, hi: 93
Current length: 22, lo: 0, hi: 45
Current length: 10, lo: 0, hi: 21
Current length: 16, lo: 11, hi: 21
Current length: 13, lo: 11, hi: 15
Current length: 11, lo: 11, hi: 12
Current length: 12, lo: 12, hi: 12
Length of longest common substring: 12
Substring in strA: LMNGHOTLAPKT ;  Start: 89954264
Substring in strB: LMNGHOTLAPKT ;  Start: 92530125
Time taken: 341598 ms
####################################################################
Number of threads: 4
#####################################################################
Seed: 268421
Current length: 50000000, lo: 0, hi: 100000000
Current length: 24999999, lo: 0, hi: 49999999
Current length: 12499999, lo: 0, hi: 24999998
Current length: 6249999, lo: 0, hi: 12499998
Current length: 3124999, lo: 0, hi: 6249998
Current length: 1562499, lo: 0, hi: 3124998
Current length: 781249, lo: 0, hi: 1562498
Current length: 390624, lo: 0, hi: 781248
Current length: 195311, lo: 0, hi: 390623
Current length: 97655, lo: 0, hi: 195310
Current length: 48827, lo: 0, hi: 97654
Current length: 24413, lo: 0, hi: 48826
Current length: 12206, lo: 0, hi: 24412
Current length: 6102, lo: 0, hi: 12205
Current length: 3050, lo: 0, hi: 6101
Current length: 1524, lo: 0, hi: 3049
Current length: 761, lo: 0, hi: 1523
Current length: 380, lo: 0, hi: 760
Current length: 189, lo: 0, hi: 379
Current length: 94, lo: 0, hi: 188
Current length: 46, lo: 0, hi: 93
Current length: 22, lo: 0, hi: 45
Current length: 10, lo: 0, hi: 21
Current length: 16, lo: 11, hi: 21
Current length: 13, lo: 11, hi: 15
Current length: 11, lo: 11, hi: 12
Current length: 12, lo: 12, hi: 12
Length of longest common substring: 11
Substring in strA: OQJFRVNBWYE ;  Start: 12397490
Substring in strB: OQJFRVNBWYE ;  Start: 69257964
Time taken: 345211 ms
####################################################################
Number of threads: 4
#####################################################################
Seed: 784152
Current length: 50000000, lo: 0, hi: 100000000
Current length: 24999999, lo: 0, hi: 49999999
Current length: 12499999, lo: 0, hi: 24999998
Current length: 6249999, lo: 0, hi: 12499998
Current length: 3124999, lo: 0, hi: 6249998
Current length: 1562499, lo: 0, hi: 3124998
Current length: 781249, lo: 0, hi: 1562498
Current length: 390624, lo: 0, hi: 781248
Current length: 195311, lo: 0, hi: 390623
Current length: 97655, lo: 0, hi: 195310
Current length: 48827, lo: 0, hi: 97654
Current length: 24413, lo: 0, hi: 48826
Current length: 12206, lo: 0, hi: 24412
Current length: 6102, lo: 0, hi: 12205
Current length: 3050, lo: 0, hi: 6101
Current length: 1524, lo: 0, hi: 3049
Current length: 761, lo: 0, hi: 1523
Current length: 380, lo: 0, hi: 760
Current length: 189, lo: 0, hi: 379
Current length: 94, lo: 0, hi: 188
Current length: 46, lo: 0, hi: 93
Current length: 22, lo: 0, hi: 45
Current length: 10, lo: 0, hi: 21
Current length: 16, lo: 11, hi: 21
Current length: 13, lo: 11, hi: 15
Current length: 11, lo: 11, hi: 12
Current length: 12, lo: 12, hi: 12
Length of longest common substring: 11
Substring in strA: NHRSJWSQNBG ;  Start: 63559373
Substring in strB: NHRSJWSQNBG ;  Start: 42421783
Time taken: 344797 ms
####################################################################
